<?xml version="1.0" encoding="UTF-8"?>
<!-- Generated by org.testng.reporters.JUnitReportReporter -->
<testsuite skipped="0" hostname="DESKTOP-534BRGJ" name="com.learnautomation.testCases.LoginLogoutTest" tests="2" failures="0" timestamp="22 Nov 2019 21:23:52 GMT" time="11.797" errors="0">
  <testcase name="logoutApp" time="3.245" classname="com.learnautomation.testCases.LoginLogoutTest"/>
  <testcase name="loginApp" time="8.552" classname="com.learnautomation.testCases.LoginLogoutTest"/>
</testsuite> <!-- com.learnautomation.testCases.LoginLogoutTest -->
